D:\Projects\DatingAPPUsingWebAPIAndAngular\DatingApp\DatingAPI\client\dist\out-tsc\e2e\src\app.po.js
D:\Projects\DatingAPPUsingWebAPIAndAngular\DatingApp\DatingAPI\client\dist\out-tsc\e2e\src\app.po.js.map
D:\Projects\DatingAPPUsingWebAPIAndAngular\DatingApp\DatingAPI\client\dist\out-tsc\e2e\src\app.e2e-spec.js
D:\Projects\DatingAPPUsingWebAPIAndAngular\DatingApp\DatingAPI\client\dist\out-tsc\e2e\src\app.e2e-spec.js.map
D:\Projects\DatingAPPUsingWebAPIAndAngular\DatingApp\DatingAPI\client\dist\out-tsc\src\app\errors\not-found\not-found.component.js
D:\Projects\DatingAPPUsingWebAPIAndAngular\DatingApp\DatingAPI\client\dist\out-tsc\src\app\errors\not-found\not-found.component.js.map
D:\Projects\DatingAPPUsingWebAPIAndAngular\DatingApp\DatingAPI\client\dist\out-tsc\src\app\errors\server-error\server-error.component.js
D:\Projects\DatingAPPUsingWebAPIAndAngular\DatingApp\DatingAPI\client\dist\out-tsc\src\app\errors\server-error\server-error.component.js.map
D:\Projects\DatingAPPUsingWebAPIAndAngular\DatingApp\DatingAPI\client\dist\out-tsc\src\app\errors\test-errors\test-errors.component.js
D:\Projects\DatingAPPUsingWebAPIAndAngular\DatingApp\DatingAPI\client\dist\out-tsc\src\app\errors\test-errors\test-errors.component.js.map
D:\Projects\DatingAPPUsingWebAPIAndAngular\DatingApp\DatingAPI\client\dist\out-tsc\src\app\home\home.component.js
D:\Projects\DatingAPPUsingWebAPIAndAngular\DatingApp\DatingAPI\client\dist\out-tsc\src\app\home\home.component.js.map
D:\Projects\DatingAPPUsingWebAPIAndAngular\DatingApp\DatingAPI\client\dist\out-tsc\src\app\lists\lists.component.js
D:\Projects\DatingAPPUsingWebAPIAndAngular\DatingApp\DatingAPI\client\dist\out-tsc\src\app\lists\lists.component.js.map
D:\Projects\DatingAPPUsingWebAPIAndAngular\DatingApp\DatingAPI\client\dist\out-tsc\src\app\member-detail\member-detail.component.js
D:\Projects\DatingAPPUsingWebAPIAndAngular\DatingApp\DatingAPI\client\dist\out-tsc\src\app\member-detail\member-detail.component.js.map
D:\Projects\DatingAPPUsingWebAPIAndAngular\DatingApp\DatingAPI\client\dist\out-tsc\src\app\member-list\member-list.component.js
D:\Projects\DatingAPPUsingWebAPIAndAngular\DatingApp\DatingAPI\client\dist\out-tsc\src\app\member-list\member-list.component.js.map
D:\Projects\DatingAPPUsingWebAPIAndAngular\DatingApp\DatingAPI\client\dist\out-tsc\src\app\messages\messages.component.js
D:\Projects\DatingAPPUsingWebAPIAndAngular\DatingApp\DatingAPI\client\dist\out-tsc\src\app\messages\messages.component.js.map
D:\Projects\DatingAPPUsingWebAPIAndAngular\DatingApp\DatingAPI\client\dist\out-tsc\src\app\_models\user.js
D:\Projects\DatingAPPUsingWebAPIAndAngular\DatingApp\DatingAPI\client\dist\out-tsc\src\app\_models\user.js.map
D:\Projects\DatingAPPUsingWebAPIAndAngular\DatingApp\DatingAPI\client\dist\out-tsc\src\app\_services\account.service.js
D:\Projects\DatingAPPUsingWebAPIAndAngular\DatingApp\DatingAPI\client\dist\out-tsc\src\app\_services\account.service.js.map
D:\Projects\DatingAPPUsingWebAPIAndAngular\DatingApp\DatingAPI\client\dist\out-tsc\src\app\_guards\auth.guard.js
D:\Projects\DatingAPPUsingWebAPIAndAngular\DatingApp\DatingAPI\client\dist\out-tsc\src\app\_guards\auth.guard.js.map
D:\Projects\DatingAPPUsingWebAPIAndAngular\DatingApp\DatingAPI\client\dist\out-tsc\src\app\app-routing.module.js
D:\Projects\DatingAPPUsingWebAPIAndAngular\DatingApp\DatingAPI\client\dist\out-tsc\src\app\app-routing.module.js.map
D:\Projects\DatingAPPUsingWebAPIAndAngular\DatingApp\DatingAPI\client\dist\out-tsc\src\app\app.component.js
D:\Projects\DatingAPPUsingWebAPIAndAngular\DatingApp\DatingAPI\client\dist\out-tsc\src\app\app.component.js.map
D:\Projects\DatingAPPUsingWebAPIAndAngular\DatingApp\DatingAPI\client\dist\out-tsc\src\app\nav\nav.component.js
D:\Projects\DatingAPPUsingWebAPIAndAngular\DatingApp\DatingAPI\client\dist\out-tsc\src\app\nav\nav.component.js.map
D:\Projects\DatingAPPUsingWebAPIAndAngular\DatingApp\DatingAPI\client\dist\out-tsc\src\app\register\register.component.js
D:\Projects\DatingAPPUsingWebAPIAndAngular\DatingApp\DatingAPI\client\dist\out-tsc\src\app\register\register.component.js.map
D:\Projects\DatingAPPUsingWebAPIAndAngular\DatingApp\DatingAPI\client\dist\out-tsc\src\app\_modules\shared.module.js
D:\Projects\DatingAPPUsingWebAPIAndAngular\DatingApp\DatingAPI\client\dist\out-tsc\src\app\_modules\shared.module.js.map
D:\Projects\DatingAPPUsingWebAPIAndAngular\DatingApp\DatingAPI\client\dist\out-tsc\src\app\_interceptors\error.interceptor.js
D:\Projects\DatingAPPUsingWebAPIAndAngular\DatingApp\DatingAPI\client\dist\out-tsc\src\app\_interceptors\error.interceptor.js.map
D:\Projects\DatingAPPUsingWebAPIAndAngular\DatingApp\DatingAPI\client\dist\out-tsc\src\app\app.module.js
D:\Projects\DatingAPPUsingWebAPIAndAngular\DatingApp\DatingAPI\client\dist\out-tsc\src\app\app.module.js.map
D:\Projects\DatingAPPUsingWebAPIAndAngular\DatingApp\DatingAPI\client\dist\out-tsc\src\environments\environment.js
D:\Projects\DatingAPPUsingWebAPIAndAngular\DatingApp\DatingAPI\client\dist\out-tsc\src\environments\environment.js.map
D:\Projects\DatingAPPUsingWebAPIAndAngular\DatingApp\DatingAPI\client\dist\out-tsc\src\main.js
D:\Projects\DatingAPPUsingWebAPIAndAngular\DatingApp\DatingAPI\client\dist\out-tsc\src\main.js.map
D:\Projects\DatingAPPUsingWebAPIAndAngular\DatingApp\DatingAPI\client\dist\out-tsc\src\polyfills.js
D:\Projects\DatingAPPUsingWebAPIAndAngular\DatingApp\DatingAPI\client\dist\out-tsc\src\polyfills.js.map
D:\Projects\DatingAPPUsingWebAPIAndAngular\DatingApp\DatingAPI\client\dist\out-tsc\src\test.js
D:\Projects\DatingAPPUsingWebAPIAndAngular\DatingApp\DatingAPI\client\dist\out-tsc\src\test.js.map
D:\Projects\DatingAPPUsingWebAPIAndAngular\DatingApp\DatingAPI\client\dist\out-tsc\src\app\app.component.spec.js
D:\Projects\DatingAPPUsingWebAPIAndAngular\DatingApp\DatingAPI\client\dist\out-tsc\src\app\app.component.spec.js.map
D:\Projects\DatingAPPUsingWebAPIAndAngular\DatingApp\DatingAPI\client\dist\out-tsc\src\environments\environment.prod.js
D:\Projects\DatingAPPUsingWebAPIAndAngular\DatingApp\DatingAPI\client\dist\out-tsc\src\environments\environment.prod.js.map
